Flow report for TASK_1
Thu Jun 11 17:26:37 2020
Quartus Prime Version 19.1.0 Build 670 09/22/2019 SJ Lite Edition


---------------------
; Table of Contents ;
---------------------
  1. Legal Notice
  2. Flow Summary
  3. Flow Settings
  4. Flow Non-Default Global Settings
  5. Flow Elapsed Time
  6. Flow OS Summary
  7. Flow Log
  8. Flow Messages
  9. Flow Suppressed Messages



----------------
; Legal Notice ;
----------------
Copyright (C) 2019  Intel Corporation. All rights reserved.
Your use of Intel Corporation's design tools, logic functions 
and other software and tools, and any partner logic 
functions, and any output files from any of the foregoing 
(including device programming or simulation files), and any 
associated documentation or information are expressly subject 
to the terms and conditions of the Intel Program License 
Subscription Agreement, the Intel Quartus Prime License Agreement,
the Intel FPGA IP License Agreement, or other applicable license
agreement, including, without limitation, that your use is for
the sole purpose of programming logic devices manufactured by
Intel and sold by Intel or its authorized distributors.  Please
refer to the applicable agreement for further details, at
https://fpgasoftware.intel.com/eula.



+----------------------------------------------------------------------------------+
; Flow Summary                                                                     ;
+------------------------------------+---------------------------------------------+
; Flow Status                        ; Successful - Thu Jun 11 17:26:37 2020       ;
; Quartus Prime Version              ; 19.1.0 Build 670 09/22/2019 SJ Lite Edition ;
; Revision Name                      ; TASK_1                                      ;
; Top-level Entity Name              ; LNK_RND_FBCV_Project_MU0_Basic_V1           ;
; Family                             ; Cyclone IV E                                ;
; Total logic elements               ; 498                                         ;
;     Total combinational functions  ; 450                                         ;
;     Dedicated logic registers      ; 164                                         ;
; Total registers                    ; 164                                         ;
; Total pins                         ; 183                                         ;
; Total virtual pins                 ; 0                                           ;
; Total memory bits                  ; 131,072                                     ;
; Embedded Multiplier 9-bit elements ; 0                                           ;
; Total PLLs                         ; 0                                           ;
+------------------------------------+---------------------------------------------+


+-----------------------------------------+
; Flow Settings                           ;
+-------------------+---------------------+
; Option            ; Setting             ;
+-------------------+---------------------+
; Start date & time ; 06/11/2020 17:25:14 ;
; Main task         ; Compilation         ;
; Revision Name     ; TASK_1              ;
+-------------------+---------------------+


+-----------------------------------------------------------------------------------------------------------------------------------------------+
; Flow Non-Default Global Settings                                                                                                              ;
+-------------------------------------+----------------------------------------+---------------+-----------------------------------+------------+
; Assignment Name                     ; Value                                  ; Default Value ; Entity Name                       ; Section Id ;
+-------------------------------------+----------------------------------------+---------------+-----------------------------------+------------+
; COMPILER_SIGNATURE_ID               ; 1095359398768.159189271421236          ; --            ; --                                ; --         ;
; MAX_CORE_JUNCTION_TEMP              ; 85                                     ; --            ; --                                ; --         ;
; MIN_CORE_JUNCTION_TEMP              ; 0                                      ; --            ; --                                ; --         ;
; MISC_FILE                           ; RAM.bsf                                ; --            ; --                                ; --         ;
; MISC_FILE                           ; RAM_bb.v                               ; --            ; --                                ; --         ;
; MISC_FILE                           ; FBCV_RAM.bsf                           ; --            ; --                                ; --         ;
; MISC_FILE                           ; FBCV_RAM_inst.v                        ; --            ; --                                ; --         ;
; MISC_FILE                           ; FBCV_RAM_bb.v                          ; --            ; --                                ; --         ;
; MISC_FILE                           ; FBCV_RAM.inc                           ; --            ; --                                ; --         ;
; MISC_FILE                           ; FBCV_RAM.cmp                           ; --            ; --                                ; --         ;
; MISC_FILE                           ; LNK_FBC_DUAL_PORT_RAM.bsf              ; --            ; --                                ; --         ;
; MISC_FILE                           ; LNK_FBC_DUAL_PORT_RAM_inst.v           ; --            ; --                                ; --         ;
; MISC_FILE                           ; LNK_FBC_DUAL_PORT_RAM_bb.v             ; --            ; --                                ; --         ;
; MISC_FILE                           ; LNK_FBC_DUAL_PORT_RAM.inc              ; --            ; --                                ; --         ;
; MISC_FILE                           ; LNK_FBC_DUAL_PORT_RAM.cmp              ; --            ; --                                ; --         ;
; PARTITION_COLOR                     ; -- (Not supported for targeted family) ; --            ; LNK_RND_FBCV_Project_MU0_Basic_V1 ; Top        ;
; PARTITION_FITTER_PRESERVATION_LEVEL ; -- (Not supported for targeted family) ; --            ; LNK_RND_FBCV_Project_MU0_Basic_V1 ; Top        ;
; PARTITION_NETLIST_TYPE              ; -- (Not supported for targeted family) ; --            ; LNK_RND_FBCV_Project_MU0_Basic_V1 ; Top        ;
; POWER_BOARD_THERMAL_MODEL           ; None (CONSERVATIVE)                    ; --            ; --                                ; --         ;
; POWER_PRESET_COOLING_SOLUTION       ; 23 MM HEAT SINK WITH 200 LFPM AIRFLOW  ; --            ; --                                ; --         ;
; PROJECT_OUTPUT_DIRECTORY            ; output_files                           ; --            ; --                                ; --         ;
; TOP_LEVEL_ENTITY                    ; LNK_RND_FBCV_Project_MU0_Basic_V1      ; TASK_1        ; --                                ; --         ;
+-------------------------------------+----------------------------------------+---------------+-----------------------------------+------------+


+--------------------------------------------------------------------------------------------------------------------------+
; Flow Elapsed Time                                                                                                        ;
+----------------------+--------------+-------------------------+---------------------+------------------------------------+
; Module Name          ; Elapsed Time ; Average Processors Used ; Peak Virtual Memory ; Total CPU Time (on all processors) ;
+----------------------+--------------+-------------------------+---------------------+------------------------------------+
; Analysis & Synthesis ; 00:01:01     ; 1.0                     ; 730 MB              ; 00:01:02                           ;
; EDA Netlist Writer   ; 00:00:06     ; 1.0                     ; 533 MB              ; 00:00:04                           ;
; EDA Netlist Writer   ; 00:00:07     ; 1.0                     ; 540 MB              ; 00:00:05                           ;
; Total                ; 00:01:14     ; --                      ; --                  ; 00:01:11                           ;
+----------------------+--------------+-------------------------+---------------------+------------------------------------+


+------------------------------------------------------------------------------------+
; Flow OS Summary                                                                    ;
+----------------------+------------------+------------+------------+----------------+
; Module Name          ; Machine Hostname ; OS Name    ; OS Version ; Processor type ;
+----------------------+------------------+------------+------------+----------------+
; Analysis & Synthesis ; DELL             ; Windows 10 ; 10.0       ; x86_64         ;
; EDA Netlist Writer   ; DELL             ; Windows 10 ; 10.0       ; x86_64         ;
; EDA Netlist Writer   ; DELL             ; Windows 10 ; 10.0       ; x86_64         ;
+----------------------+------------------+------------+------------+----------------+


------------
; Flow Log ;
------------
quartus_map --read_settings_files=on --write_settings_files=off MU0a -c TASK_1
quartus_eda --gen_testbench --tool=modelsim_oem --format=verilog --write_settings_files=off MU0a -c TASK_1 --vector_source="C:/Users/Vasilis/Desktop/V4 DECA SPRING - ELEC40006 Testing On Simple MU0/Waveform27.vwf" --testbench_file="C:/Users/Vasilis/Desktop/V4 DECA SPRING - ELEC40006 Testing On Simple MU0/simulation/qsim/Waveform27.vwf.vt"
quartus_eda --write_settings_files=off --simulation=on --functional=on --flatten_buses=off --tool=modelsim_oem --format=verilog --output_directory="C:/Users/Vasilis/Desktop/V4 DECA SPRING - ELEC40006 Testing On Simple MU0/simulation/qsim/" MU0a -c TASK_1



