Analysis & Synthesis report for 2DECA2
Thu Mar  5 16:09:36 2020
Quartus Prime Version 18.1.0 Build 625 09/12/2018 SJ Standard Edition


---------------------
; Table of Contents ;
---------------------
  1. Legal Notice
  2. Analysis & Synthesis Summary
  3. Analysis & Synthesis Settings
  4. Parallel Compilation
  5. Analysis & Synthesis Source Files Read
  6. Analysis & Synthesis Resource Usage Summary
  7. Analysis & Synthesis Resource Utilization by Entity
  8. Registers Removed During Synthesis
  9. General Register Statistics
 10. Parameter Settings for User Entity Instance: LPM_FF:inst1
 11. Post-Synthesis Netlist Statistics for Top Partition
 12. Elapsed Time Per Partition
 13. Analysis & Synthesis Messages



----------------
; Legal Notice ;
----------------
Copyright (C) 2018  Intel Corporation. All rights reserved.
Your use of Intel Corporation's design tools, logic functions 
and other software and tools, and its AMPP partner logic 
functions, and any output files from any of the foregoing 
(including device programming or simulation files), and any 
associated documentation or information are expressly subject 
to the terms and conditions of the Intel Program License 
Subscription Agreement, the Intel Quartus Prime License Agreement,
the Intel FPGA IP License Agreement, or other applicable license
agreement, including, without limitation, that your use is for
the sole purpose of programming logic devices manufactured by
Intel and sold by Intel or its authorized distributors.  Please
refer to the applicable agreement for further details.



+-----------------------------------------------------------------------------------+
; Analysis & Synthesis Summary                                                      ;
+---------------------------------+-------------------------------------------------+
; Analysis & Synthesis Status     ; Successful - Thu Mar  5 16:09:36 2020           ;
; Quartus Prime Version           ; 18.1.0 Build 625 09/12/2018 SJ Standard Edition ;
; Revision Name                   ; 2DECA2                                          ;
; Top-level Entity Name           ; StateMchn                                       ;
; Family                          ; Cyclone V                                       ;
; Logic utilization (in ALMs)     ; N/A                                             ;
; Total registers                 ; 2                                               ;
; Total pins                      ; 5                                               ;
; Total virtual pins              ; 0                                               ;
; Total block memory bits         ; 0                                               ;
; Total DSP Blocks                ; 0                                               ;
; Total HSSI RX PCSs              ; 0                                               ;
; Total HSSI PMA RX Deserializers ; 0                                               ;
; Total HSSI TX PCSs              ; 0                                               ;
; Total HSSI PMA TX Serializers   ; 0                                               ;
; Total PLLs                      ; 0                                               ;
; Total DLLs                      ; 0                                               ;
+---------------------------------+-------------------------------------------------+


+---------------------------------------------------------------------------------------------------------------------------+
; Analysis & Synthesis Settings                                                                                             ;
+---------------------------------------------------------------------------------+--------------------+--------------------+
; Option                                                                          ; Setting            ; Default Value      ;
+---------------------------------------------------------------------------------+--------------------+--------------------+
; Device                                                                          ; 5CGXFC7C7F23C8     ;                    ;
; Top-level entity name                                                           ; StateMchn          ; 2DECA2             ;
; Family name                                                                     ; Cyclone V          ; Cyclone V          ;
; Use smart compilation                                                           ; Off                ; Off                ;
; Enable parallel Assembler and Timing Analyzer during compilation                ; On                 ; On                 ;
; Enable compact report table                                                     ; Off                ; Off                ;
; Restructure Multiplexers                                                        ; Auto               ; Auto               ;
; MLAB Add Timing Constraints For Mixed-Port Feed-Through Mode Setting Don't Care ; Off                ; Off                ;
; Create Debugging Nodes for IP Cores                                             ; Off                ; Off                ;
; Preserve fewer node names                                                       ; On                 ; On                 ;
; Intel FPGA IP Evaluation Mode                                                   ; Enable             ; Enable             ;
; Verilog Version                                                                 ; Verilog_2001       ; Verilog_2001       ;
; VHDL Version                                                                    ; VHDL_1993          ; VHDL_1993          ;
; State Machine Processing                                                        ; Auto               ; Auto               ;
; Safe State Machine                                                              ; Off                ; Off                ;
; Extract Verilog State Machines                                                  ; On                 ; On                 ;
; Extract VHDL State Machines                                                     ; On                 ; On                 ;
; Ignore Verilog initial constructs                                               ; Off                ; Off                ;
; Iteration limit for constant Verilog loops                                      ; 5000               ; 5000               ;
; Iteration limit for non-constant Verilog loops                                  ; 250                ; 250                ;
; Add Pass-Through Logic to Inferred RAMs                                         ; On                 ; On                 ;
; Infer RAMs from Raw Logic                                                       ; On                 ; On                 ;
; Parallel Synthesis                                                              ; On                 ; On                 ;
; DSP Block Balancing                                                             ; Auto               ; Auto               ;
; NOT Gate Push-Back                                                              ; On                 ; On                 ;
; Power-Up Don't Care                                                             ; On                 ; On                 ;
; Remove Redundant Logic Cells                                                    ; Off                ; Off                ;
; Remove Duplicate Registers                                                      ; On                 ; On                 ;
; Ignore CARRY Buffers                                                            ; Off                ; Off                ;
; Ignore CASCADE Buffers                                                          ; Off                ; Off                ;
; Ignore GLOBAL Buffers                                                           ; Off                ; Off                ;
; Ignore ROW GLOBAL Buffers                                                       ; Off                ; Off                ;
; Ignore LCELL Buffers                                                            ; Off                ; Off                ;
; Ignore SOFT Buffers                                                             ; On                 ; On                 ;
; Limit AHDL Integers to 32 Bits                                                  ; Off                ; Off                ;
; Optimization Technique                                                          ; Balanced           ; Balanced           ;
; Carry Chain Length                                                              ; 70                 ; 70                 ;
; Auto Carry Chains                                                               ; On                 ; On                 ;
; Auto Open-Drain Pins                                                            ; On                 ; On                 ;
; Perform WYSIWYG Primitive Resynthesis                                           ; Off                ; Off                ;
; Auto ROM Replacement                                                            ; On                 ; On                 ;
; Auto RAM Replacement                                                            ; On                 ; On                 ;
; Auto DSP Block Replacement                                                      ; On                 ; On                 ;
; Auto Shift Register Replacement                                                 ; Auto               ; Auto               ;
; Allow Shift Register Merging across Hierarchies                                 ; Auto               ; Auto               ;
; Auto Clock Enable Replacement                                                   ; On                 ; On                 ;
; Strict RAM Replacement                                                          ; Off                ; Off                ;
; Allow Synchronous Control Signals                                               ; On                 ; On                 ;
; Force Use of Synchronous Clear Signals                                          ; Off                ; Off                ;
; Auto Resource Sharing                                                           ; Off                ; Off                ;
; Allow Any RAM Size For Recognition                                              ; Off                ; Off                ;
; Allow Any ROM Size For Recognition                                              ; Off                ; Off                ;
; Allow Any Shift Register Size For Recognition                                   ; Off                ; Off                ;
; Use LogicLock Constraints during Resource Balancing                             ; On                 ; On                 ;
; Ignore translate_off and synthesis_off directives                               ; Off                ; Off                ;
; Timing-Driven Synthesis                                                         ; On                 ; On                 ;
; Report Parameter Settings                                                       ; On                 ; On                 ;
; Report Source Assignments                                                       ; On                 ; On                 ;
; Report Connectivity Checks                                                      ; On                 ; On                 ;
; Ignore Maximum Fan-Out Assignments                                              ; Off                ; Off                ;
; Synchronization Register Chain Length                                           ; 3                  ; 3                  ;
; Power Optimization During Synthesis                                             ; Normal compilation ; Normal compilation ;
; HDL message level                                                               ; Level2             ; Level2             ;
; Suppress Register Optimization Related Messages                                 ; Off                ; Off                ;
; Number of Removed Registers Reported in Synthesis Report                        ; 5000               ; 5000               ;
; Number of Swept Nodes Reported in Synthesis Report                              ; 5000               ; 5000               ;
; Number of Inverted Registers Reported in Synthesis Report                       ; 100                ; 100                ;
; Clock MUX Protection                                                            ; On                 ; On                 ;
; Auto Gated Clock Conversion                                                     ; Off                ; Off                ;
; Block Design Naming                                                             ; Auto               ; Auto               ;
; SDC constraint protection                                                       ; Off                ; Off                ;
; Synthesis Effort                                                                ; Auto               ; Auto               ;
; Shift Register Replacement - Allow Asynchronous Clear Signal                    ; On                 ; On                 ;
; Pre-Mapping Resynthesis Optimization                                            ; Off                ; Off                ;
; Analysis & Synthesis Message Level                                              ; Medium             ; Medium             ;
; Disable Register Merging Across Hierarchies                                     ; Auto               ; Auto               ;
; Resource Aware Inference For Block RAM                                          ; On                 ; On                 ;
; Automatic Parallel Synthesis                                                    ; On                 ; On                 ;
; Partial Reconfiguration Bitstream ID                                            ; Off                ; Off                ;
+---------------------------------------------------------------------------------+--------------------+--------------------+


+------------------------------------------+
; Parallel Compilation                     ;
+----------------------------+-------------+
; Processors                 ; Number      ;
+----------------------------+-------------+
; Number detected on machine ; 48          ;
; Maximum allowed            ; 16          ;
;                            ;             ;
; Average used               ; 1.00        ;
; Maximum used               ; 16          ;
;                            ;             ;
; Usage by Processor         ; % Time Used ;
;     Processor 1            ; 100.0%      ;
;     Processor 2            ;   0.0%      ;
;     Processors 3-16        ;   0.0%      ;
+----------------------------+-------------+


+-----------------------------------------------------------------------------------------------------------------------------------------------------------------------------+
; Analysis & Synthesis Source Files Read                                                                                                                                      ;
+----------------------------------+-----------------+------------------------------------+-------------------------------------------------------------------------+---------+
; File Name with User-Entered Path ; Used in Netlist ; File Type                          ; File Name with Absolute Path                                            ; Library ;
+----------------------------------+-----------------+------------------------------------+-------------------------------------------------------------------------+---------+
; StateMachine.v                   ; yes             ; User Verilog HDL File              ; /home/gv319/nfshome/2DECA5/StateMachine.v                               ;         ;
; StateMchn.bdf                    ; yes             ; User Block Diagram/Schematic File  ; /home/gv319/nfshome/2DECA5/StateMchn.bdf                                ;         ;
; converter.v                      ; yes             ; User Verilog HDL File              ; /home/gv319/nfshome/2DECA5/converter.v                                  ;         ;
; lpm_ff.tdf                       ; yes             ; Megafunction                       ; /usr/local/altera/18.1/quartus/libraries/megafunctions/lpm_ff.tdf       ;         ;
; lpm_constant.inc                 ; yes             ; Megafunction                       ; /usr/local/altera/18.1/quartus/libraries/megafunctions/lpm_constant.inc ;         ;
; aglobal181.inc                   ; yes             ; Megafunction                       ; /usr/local/altera/18.1/quartus/libraries/megafunctions/aglobal181.inc   ;         ;
+----------------------------------+-----------------+------------------------------------+-------------------------------------------------------------------------+---------+


+--------------------------------------------------------------------+
; Analysis & Synthesis Resource Usage Summary                        ;
+---------------------------------------------+----------------------+
; Resource                                    ; Usage                ;
+---------------------------------------------+----------------------+
; Estimate of Logic utilization (ALMs needed) ; 3                    ;
;                                             ;                      ;
; Combinational ALUT usage for logic          ; 5                    ;
;     -- 7 input functions                    ; 0                    ;
;     -- 6 input functions                    ; 0                    ;
;     -- 5 input functions                    ; 0                    ;
;     -- 4 input functions                    ; 0                    ;
;     -- <=3 input functions                  ; 5                    ;
;                                             ;                      ;
; Dedicated logic registers                   ; 2                    ;
;                                             ;                      ;
; I/O pins                                    ; 5                    ;
;                                             ;                      ;
; Total DSP Blocks                            ; 0                    ;
;                                             ;                      ;
; Maximum fan-out node                        ; lpm_ff:inst1|dffs[1] ;
; Maximum fan-out                             ; 4                    ;
; Total fan-out                               ; 22                   ;
; Average fan-out                             ; 1.29                 ;
+---------------------------------------------+----------------------+


+--------------------------------------------------------------------------------------------------------------------------------------------------------------------------------------------------+
; Analysis & Synthesis Resource Utilization by Entity                                                                                                                                              ;
+----------------------------+---------------------+---------------------------+-------------------+------------+------+--------------+------------------------------+--------------+--------------+
; Compilation Hierarchy Node ; Combinational ALUTs ; Dedicated Logic Registers ; Block Memory Bits ; DSP Blocks ; Pins ; Virtual Pins ; Full Hierarchy Name          ; Entity Name  ; Library Name ;
+----------------------------+---------------------+---------------------------+-------------------+------------+------+--------------+------------------------------+--------------+--------------+
; |StateMchn                 ; 5 (0)               ; 2 (0)                     ; 0                 ; 0          ; 5    ; 0            ; |StateMchn                   ; StateMchn    ; work         ;
;    |StateMachine:inst|     ; 3 (3)               ; 0 (0)                     ; 0                 ; 0          ; 0    ; 0            ; |StateMchn|StateMachine:inst ; StateMachine ; work         ;
;    |converter:inst3|       ; 1 (1)               ; 0 (0)                     ; 0                 ; 0          ; 0    ; 0            ; |StateMchn|converter:inst3   ; converter    ; work         ;
;    |lpm_ff:inst1|          ; 1 (1)               ; 2 (2)                     ; 0                 ; 0          ; 0    ; 0            ; |StateMchn|lpm_ff:inst1      ; lpm_ff       ; work         ;
+----------------------------+---------------------+---------------------------+-------------------+------------+------+--------------+------------------------------+--------------+--------------+
Note: For table entries with two numbers listed, the numbers in parentheses indicate the number of resources of the given type used by the specific entity alone. The numbers listed outside of parentheses indicate the total resources of the given type used by the specific entity and all of its sub-entities in the hierarchy.


+--------------------------------------------------------------------------------+
; Registers Removed During Synthesis                                             ;
+---------------------------------------+----------------------------------------+
; Register name                         ; Reason for Removal                     ;
+---------------------------------------+----------------------------------------+
; lpm_ff:inst1|dffs[2]                  ; Stuck at GND due to stuck port data_in ;
; Total Number of Removed Registers = 1 ;                                        ;
+---------------------------------------+----------------------------------------+


+------------------------------------------------------+
; General Register Statistics                          ;
+----------------------------------------------+-------+
; Statistic                                    ; Value ;
+----------------------------------------------+-------+
; Total registers                              ; 2     ;
; Number of registers using Synchronous Clear  ; 0     ;
; Number of registers using Synchronous Load   ; 0     ;
; Number of registers using Asynchronous Clear ; 0     ;
; Number of registers using Asynchronous Load  ; 0     ;
; Number of registers using Clock Enable       ; 0     ;
; Number of registers using Preset             ; 0     ;
+----------------------------------------------+-------+


+-----------------------------------------------------------+
; Parameter Settings for User Entity Instance: LPM_FF:inst1 ;
+------------------------+-----------+----------------------+
; Parameter Name         ; Value     ; Type                 ;
+------------------------+-----------+----------------------+
; LPM_WIDTH              ; 3         ; Signed Integer       ;
; LPM_AVALUE             ; UNUSED    ; Untyped              ;
; LPM_SVALUE             ; UNUSED    ; Untyped              ;
; LPM_FFTYPE             ; DFF       ; Untyped              ;
; DEVICE_FAMILY          ; Cyclone V ; Untyped              ;
; CBXI_PARAMETER         ; NOTHING   ; Untyped              ;
; AUTO_CARRY_CHAINS      ; ON        ; AUTO_CARRY           ;
; IGNORE_CARRY_BUFFERS   ; OFF       ; IGNORE_CARRY         ;
; AUTO_CASCADE_CHAINS    ; ON        ; AUTO_CASCADE         ;
; IGNORE_CASCADE_BUFFERS ; OFF       ; IGNORE_CASCADE       ;
+------------------------+-----------+----------------------+
Note: In order to hide this table in the UI and the text report file, please set the "Show Parameter Settings in Synthesis Report" option in "Analysis and Synthesis Settings -> More Settings" to "Off".


+-----------------------------------------------------+
; Post-Synthesis Netlist Statistics for Top Partition ;
+-----------------------+-----------------------------+
; Type                  ; Count                       ;
+-----------------------+-----------------------------+
; arriav_ff             ; 2                           ;
;     plain             ; 2                           ;
; arriav_lcell_comb     ; 6                           ;
;     normal            ; 6                           ;
;         1 data inputs ; 2                           ;
;         2 data inputs ; 3                           ;
;         3 data inputs ; 1                           ;
; boundary_port         ; 5                           ;
;                       ;                             ;
; Max LUT depth         ; 2.00                        ;
; Average LUT depth     ; 1.40                        ;
+-----------------------+-----------------------------+


+-------------------------------+
; Elapsed Time Per Partition    ;
+----------------+--------------+
; Partition Name ; Elapsed Time ;
+----------------+--------------+
; Top            ; 00:00:00     ;
+----------------+--------------+


+-------------------------------+
; Analysis & Synthesis Messages ;
+-------------------------------+
Info: *******************************************************************
Info: Running Quartus Prime Analysis & Synthesis
    Info: Version 18.1.0 Build 625 09/12/2018 SJ Standard Edition
    Info: Processing started: Thu Mar  5 16:09:26 2020
Info: Command: quartus_map --read_settings_files=on --write_settings_files=off 2DECA2 -c 2DECA2
Warning (18236): Number of processors has not been specified which may cause overloading on shared machines.  Set the global assignment NUM_PARALLEL_PROCESSORS in your QSF to an appropriate value for best performance.
Info (20030): Parallel compilation is enabled and will use 16 of the 24 processors detected
Info (12021): Found 1 design units, including 1 entities, in source file regfile.bdf
    Info (12023): Found entity 1: regfile
Info (12021): Found 1 design units, including 1 entities, in source file top.bdf
    Info (12023): Found entity 1: top
Info (12021): Found 1 design units, including 1 entities, in source file alu.v
    Info (12023): Found entity 1: alu File: /home/gv319/nfshome/2DECA5/alu.v Line: 1
Info (12021): Found 1 design units, including 1 entities, in source file ram.v
    Info (12023): Found entity 1: ram File: /home/gv319/nfshome/2DECA5/ram.v Line: 39
Info (12021): Found 1 design units, including 1 entities, in source file MU0CPU.bdf
    Info (12023): Found entity 1: MU0CPU
Info (12021): Found 1 design units, including 1 entities, in source file StateMachine.v
    Info (12023): Found entity 1: StateMachine File: /home/gv319/nfshome/2DECA5/StateMachine.v Line: 1
Info (12021): Found 1 design units, including 1 entities, in source file DFF3.bdf
    Info (12023): Found entity 1: DFF3
Info (12021): Found 1 design units, including 1 entities, in source file StateMchn.bdf
    Info (12023): Found entity 1: StateMchn
Info (12021): Found 1 design units, including 1 entities, in source file Datapath.bdf
    Info (12023): Found entity 1: Datapath
Info (12021): Found 1 design units, including 1 entities, in source file datadecoder.v
    Info (12023): Found entity 1: datadecoder File: /home/gv319/nfshome/2DECA5/datadecoder.v Line: 1
Info (12021): Found 1 design units, including 1 entities, in source file controldecoder.v
    Info (12023): Found entity 1: controldecoder File: /home/gv319/nfshome/2DECA5/controldecoder.v Line: 1
Info (12021): Found 1 design units, including 1 entities, in source file ControlPath.bdf
    Info (12023): Found entity 1: ControlPath
Info (12021): Found 1 design units, including 1 entities, in source file converter.v
    Info (12023): Found entity 1: converter File: /home/gv319/nfshome/2DECA5/converter.v Line: 1
Info (12021): Found 1 design units, including 1 entities, in source file LDI.v
    Info (12023): Found entity 1: LDI File: /home/gv319/nfshome/2DECA5/LDI.v Line: 1
Info (12021): Found 1 design units, including 1 entities, in source file MIEQ.v
    Info (12023): Found entity 1: MIEQ File: /home/gv319/nfshome/2DECA5/MIEQ.v Line: 1
Warning (10236): Verilog HDL Implicit Net warning at alu.v(32): created implicit net for "alucout" File: /home/gv319/nfshome/2DECA5/alu.v Line: 32
Info (12127): Elaborating entity "StateMchn" for the top level hierarchy
Info (12128): Elaborating entity "converter" for hierarchy "converter:inst3"
Info (12128): Elaborating entity "LPM_FF" for hierarchy "LPM_FF:inst1"
Info (12130): Elaborated megafunction instantiation "LPM_FF:inst1"
Info (12133): Instantiated megafunction "LPM_FF:inst1" with the following parameter:
    Info (12134): Parameter "LPM_WIDTH" = "3"
Info (12128): Elaborating entity "StateMachine" for hierarchy "StateMachine:inst"
Info (286030): Timing-Driven Synthesis is running
Info (16010): Generating hard_block partition "hard_block:auto_generated_inst"
    Info (16011): Adding 0 node(s), including 0 DDIO, 0 PLL, 0 transceiver and 0 LCELL
Info (21057): Implemented 10 device resources after synthesis - the final resource count might be different
    Info (21058): Implemented 2 input pins
    Info (21059): Implemented 3 output pins
    Info (21061): Implemented 5 logic cells
Info: Quartus Prime Analysis & Synthesis was successful. 0 errors, 2 warnings
    Info: Peak virtual memory: 1219 megabytes
    Info: Processing ended: Thu Mar  5 16:09:36 2020
    Info: Elapsed time: 00:00:10
    Info: Total CPU time (on all processors): 00:00:28


